# JRE version: OpenJDK Runtime Environment (11.0.12+7) (build 11.0.12+7-b1504.28-7817840)
# Java VM: OpenJDK 64-Bit Server VM (11.0.12+7-b1504.28-7817840, mixed mode, tiered, compressed oops, g1 gc, windows-amd64)
Heap:
 garbage-first heap   total 279552K, used 191918K [0x0000000080000000, 0x0000000100000000)
  region size 1024K, 114 young (116736K), 2 survivors (2048K)
 Metaspace       used 68791K, capacity 70634K, committed 70860K, reserved 1112064K
  class space    used 8472K, capacity 9083K, committed 9164K, reserved 1048576K
GC Heap History (20 events):
Event: 191.760 GC heap before
{Heap before GC invocations=97 (full 0):
 garbage-first heap   total 279552K, used 242504K [0x0000000080000000, 0x0000000100000000)
  region size 1024K, 160 young (163840K), 6 survivors (6144K)
 Metaspace       used 68735K, capacity 70557K, committed 70860K, reserved 1112064K
  class space    used 8471K, capacity 9081K, committed 9164K, reserved 1048576K
}
Event: 191.768 GC heap after
{Heap after GC invocations=98 (full 0):
 garbage-first heap   total 279552K, used 85113K [0x0000000080000000, 0x0000000100000000)
  region size 1024K, 6 young (6144K), 6 survivors (6144K)
 Metaspace       used 68735K, capacity 70557K, committed 70860K, reserved 1112064K
  class space    used 8471K, capacity 9081K, committed 9164K, reserved 1048576K
}
Event: 192.049 GC heap before
{Heap before GC invocations=98 (full 0):
 garbage-first heap   total 279552K, used 242809K [0x0000000080000000, 0x0000000100000000)
  region size 1024K, 160 young (163840K), 6 survivors (6144K)
 Metaspace       used 68735K, capacity 70557K, committed 70860K, reserved 1112064K
  class space    used 8471K, capacity 9081K, committed 9164K, reserved 1048576K
}
Event: 192.054 GC heap after
{Heap after GC invocations=99 (full 0):
 garbage-first heap   total 279552K, used 85835K [0x0000000080000000, 0x0000000100000000)
  region size 1024K, 7 young (7168K), 7 survivors (7168K)
 Metaspace       used 68735K, capacity 70557K, committed 70860K, reserved 1112064K
  class space    used 8471K, capacity 9081K, committed 9164K, reserved 1048576K
}
Event: 192.407 GC heap before
{Heap before GC invocations=99 (full 0):
 garbage-first heap   total 279552K, used 242507K [0x0000000080000000, 0x0000000100000000)
  region size 1024K, 160 young (163840K), 7 survivors (7168K)
 Metaspace       used 68735K, capacity 70557K, committed 70860K, reserved 1112064K
  class space    used 8471K, capacity 9081K, committed 9164K, reserved 1048576K
}
Event: 192.411 GC heap after
{Heap after GC invocations=100 (full 0):
 garbage-first heap   total 279552K, used 86933K [0x0000000080000000, 0x0000000100000000)
  region size 1024K, 8 young (8192K), 8 survivors (8192K)
 Metaspace       used 68735K, capacity 70557K, committed 70860K, reserved 1112064K
  class space    used 8471K, capacity 9081K, committed 9164K, reserved 1048576K
}
Event: 192.771 GC heap before
{Heap before GC invocations=100 (full 0):
 garbage-first heap   total 279552K, used 241557K [0x0000000080000000, 0x0000000100000000)
  region size 1024K, 159 young (162816K), 8 survivors (8192K)
 Metaspace       used 68735K, capacity 70557K, committed 70860K, reserved 1112064K
  class space    used 8471K, capacity 9081K, committed 9164K, reserved 1048576K
}
Event: 192.776 GC heap after
{Heap after GC invocations=101 (full 0):
 garbage-first heap   total 279552K, used 87363K [0x0000000080000000, 0x0000000100000000)
  region size 1024K, 8 young (8192K), 8 survivors (8192K)
 Metaspace       used 68735K, capacity 70557K, committed 70860K, reserved 1112064K
  class space    used 8471K, capacity 9081K, committed 9164K, reserved 1048576K
}
Event: 204.034 GC heap before
{Heap before GC invocations=101 (full 0):
 garbage-first heap   total 279552K, used 243011K [0x0000000080000000, 0x0000000100000000)
  region size 1024K, 159 young (162816K), 8 survivors (8192K)
 Metaspace       used 68766K, capacity 70568K, committed 70860K, reserved 1112064K
  class space    used 8472K, capacity 9083K, committed 9164K, reserved 1048576K
}
Event: 204.038 GC heap after
{Heap after GC invocations=102 (full 0):
 garbage-first heap   total 279552K, used 79594K [0x0000000080000000, 0x0000000100000000)
  region size 1024K, 2 young (2048K), 2 survivors (2048K)
 Metaspace       used 68766K, capacity 70568K, committed 70860K, reserved 1112064K
  class space    used 8472K, capacity 9083K, committed 9164K, reserved 1048576K
}
Event: 204.900 GC heap before
{Heap before GC invocations=102 (full 0):
 garbage-first heap   total 279552K, used 244458K [0x0000000080000000, 0x0000000100000000)
  region size 1024K, 162 young (165888K), 2 survivors (2048K)
 Metaspace       used 68766K, capacity 70568K, committed 70860K, reserved 1112064K
  class space    used 8472K, capacity 9083K, committed 9164K, reserved 1048576K
}
Event: 204.903 GC heap after
{Heap after GC invocations=103 (full 0):
 garbage-first heap   total 279552K, used 79022K [0x0000000080000000, 0x0000000100000000)
  region size 1024K, 2 young (2048K), 2 survivors (2048K)
 Metaspace       used 68766K, capacity 70568K, committed 70860K, reserved 1112064K
  class space    used 8472K, capacity 9083K, committed 9164K, reserved 1048576K
}
Event: 205.683 GC heap before
{Heap before GC invocations=103 (full 0):
 garbage-first heap   total 279552K, used 243886K [0x0000000080000000, 0x0000000100000000)
  region size 1024K, 163 young (166912K), 2 survivors (2048K)
 Metaspace       used 68790K, capacity 70634K, committed 70860K, reserved 1112064K
  class space    used 8472K, capacity 9083K, committed 9164K, reserved 1048576K
}
Event: 205.685 GC heap after
{Heap after GC invocations=104 (full 0):
 garbage-first heap   total 279552K, used 77954K [0x0000000080000000, 0x0000000100000000)
  region size 1024K, 2 young (2048K), 2 survivors (2048K)
 Metaspace       used 68790K, capacity 70634K, committed 70860K, reserved 1112064K
  class space    used 8472K, capacity 9083K, committed 9164K, reserved 1048576K
}
Event: 206.834 GC heap before
{Heap before GC invocations=104 (full 0):
 garbage-first heap   total 279552K, used 245890K [0x0000000080000000, 0x0000000100000000)
  region size 1024K, 163 young (166912K), 2 survivors (2048K)
 Metaspace       used 68791K, capacity 70634K, committed 70860K, reserved 1112064K
  class space    used 8472K, capacity 9083K, committed 9164K, reserved 1048576K
}
Event: 206.837 GC heap after
{Heap after GC invocations=105 (full 0):
 garbage-first heap   total 279552K, used 81709K [0x0000000080000000, 0x0000000100000000)
  region size 1024K, 2 young (2048K), 2 survivors (2048K)
 Metaspace       used 68791K, capacity 70634K, committed 70860K, reserved 1112064K
  class space    used 8472K, capacity 9083K, committed 9164K, reserved 1048576K
}
Event: 207.652 GC heap before
{Heap before GC invocations=105 (full 0):
 garbage-first heap   total 279552K, used 245549K [0x0000000080000000, 0x0000000100000000)
  region size 1024K, 162 young (165888K), 2 survivors (2048K)
 Metaspace       used 68791K, capacity 70634K, committed 70860K, reserved 1112064K
  class space    used 8472K, capacity 9083K, committed 9164K, reserved 1048576K
}
Event: 207.657 GC heap after
{Heap after GC invocations=106 (full 0):
 garbage-first heap   total 279552K, used 83993K [0x0000000080000000, 0x0000000100000000)
  region size 1024K, 5 young (5120K), 5 survivors (5120K)
 Metaspace       used 68791K, capacity 70634K, committed 70860K, reserved 1112064K
  class space    used 8472K, capacity 9083K, committed 9164K, reserved 1048576K
}
Event: 209.053 GC heap before
{Heap before GC invocations=106 (full 0):
 garbage-first heap   total 279552K, used 243737K [0x0000000080000000, 0x0000000100000000)
  region size 1024K, 162 young (165888K), 5 survivors (5120K)
 Metaspace       used 68791K, capacity 70634K, committed 70860K, reserved 1112064K
  class space    used 8472K, capacity 9083K, committed 9164K, reserved 1048576K
}
Event: 209.055 GC heap after
{Heap after GC invocations=107 (full 0):
 garbage-first heap   total 279552K, used 78254K [0x0000000080000000, 0x0000000100000000)
  region size 1024K, 2 young (2048K), 2 survivors (2048K)
 Metaspace       used 68791K, capacity 70634K, committed 70860K, reserved 1112064K
  class space    used 8472K, capacity 9083K, committed 9164K, reserved 1048576K
}

