# JRE version: OpenJDK Runtime Environment (11.0.12+7) (build 11.0.12+7-b1504.28-7817840)
# Java VM: OpenJDK 64-Bit Server VM (11.0.12+7-b1504.28-7817840, mixed mode, tiered, compressed oops, g1 gc, windows-amd64)
Heap:
 garbage-first heap   total 187392K, used 153918K [0x0000000080000000, 0x0000000100000000)
  region size 1024K, 36 young (36864K), 2 survivors (2048K)
 Metaspace       used 106568K, capacity 109010K, committed 109260K, reserved 1144832K
  class space    used 13636K, capacity 14524K, committed 14540K, reserved 1048576K
GC Heap History (20 events):
Event: 12.248 GC heap before
{Heap before GC invocations=27 (full 0):
 garbage-first heap   total 155648K, used 121415K [0x0000000080000000, 0x0000000100000000)
  region size 1024K, 34 young (34816K), 3 survivors (3072K)
 Metaspace       used 85849K, capacity 87912K, committed 88140K, reserved 1126400K
  class space    used 11059K, capacity 11814K, committed 11852K, reserved 1048576K
}
Event: 12.262 GC heap after
{Heap after GC invocations=28 (full 0):
 garbage-first heap   total 155648K, used 96256K [0x0000000080000000, 0x0000000100000000)
  region size 1024K, 6 young (6144K), 6 survivors (6144K)
 Metaspace       used 85849K, capacity 87912K, committed 88140K, reserved 1126400K
  class space    used 11059K, capacity 11814K, committed 11852K, reserved 1048576K
}
Event: 12.781 GC heap before
{Heap before GC invocations=29 (full 0):
 garbage-first heap   total 155648K, used 139264K [0x0000000080000000, 0x0000000100000000)
  region size 1024K, 39 young (39936K), 6 survivors (6144K)
 Metaspace       used 89388K, capacity 91606K, committed 91724K, reserved 1128448K
  class space    used 11546K, capacity 12329K, committed 12364K, reserved 1048576K
}
Event: 12.791 GC heap after
{Heap after GC invocations=30 (full 0):
 garbage-first heap   total 187392K, used 112640K [0x0000000080000000, 0x0000000100000000)
  region size 1024K, 5 young (5120K), 5 survivors (5120K)
 Metaspace       used 89388K, capacity 91606K, committed 91724K, reserved 1128448K
  class space    used 11546K, capacity 12329K, committed 12364K, reserved 1048576K
}
Event: 15.052 GC heap before
{Heap before GC invocations=30 (full 0):
 garbage-first heap   total 187392K, used 148480K [0x0000000080000000, 0x0000000100000000)
  region size 1024K, 41 young (41984K), 5 survivors (5120K)
 Metaspace       used 92932K, capacity 95185K, committed 95308K, reserved 1132544K
  class space    used 11986K, capacity 12773K, committed 12876K, reserved 1048576K
}
Event: 15.059 GC heap after
{Heap after GC invocations=31 (full 0):
 garbage-first heap   total 187392K, used 115070K [0x0000000080000000, 0x0000000100000000)
  region size 1024K, 2 young (2048K), 2 survivors (2048K)
 Metaspace       used 92932K, capacity 95185K, committed 95308K, reserved 1132544K
  class space    used 11986K, capacity 12773K, committed 12876K, reserved 1048576K
}
Event: 24.687 GC heap before
{Heap before GC invocations=32 (full 0):
 garbage-first heap   total 187392K, used 151934K [0x0000000080000000, 0x0000000100000000)
  region size 1024K, 38 young (38912K), 2 survivors (2048K)
 Metaspace       used 93266K, capacity 95452K, committed 95564K, reserved 1132544K
  class space    used 11987K, capacity 12773K, committed 12876K, reserved 1048576K
}
Event: 24.690 GC heap after
{Heap after GC invocations=33 (full 0):
 garbage-first heap   total 187392K, used 115093K [0x0000000080000000, 0x0000000100000000)
  region size 1024K, 2 young (2048K), 2 survivors (2048K)
 Metaspace       used 93266K, capacity 95452K, committed 95564K, reserved 1132544K
  class space    used 11987K, capacity 12773K, committed 12876K, reserved 1048576K
}
Event: 36.968 GC heap before
{Heap before GC invocations=33 (full 0):
 garbage-first heap   total 187392K, used 152981K [0x0000000080000000, 0x0000000100000000)
  region size 1024K, 39 young (39936K), 2 survivors (2048K)
 Metaspace       used 93387K, capacity 95648K, committed 95820K, reserved 1132544K
  class space    used 11987K, capacity 12773K, committed 12876K, reserved 1048576K
}
Event: 36.975 GC heap after
{Heap after GC invocations=34 (full 0):
 garbage-first heap   total 187392K, used 115285K [0x0000000080000000, 0x0000000100000000)
  region size 1024K, 2 young (2048K), 2 survivors (2048K)
 Metaspace       used 93387K, capacity 95648K, committed 95820K, reserved 1132544K
  class space    used 11987K, capacity 12773K, committed 12876K, reserved 1048576K
}
Event: 52.939 GC heap before
{Heap before GC invocations=35 (full 0):
 garbage-first heap   total 187392K, used 154197K [0x0000000080000000, 0x0000000100000000)
  region size 1024K, 40 young (40960K), 2 survivors (2048K)
 Metaspace       used 93477K, capacity 95754K, committed 96076K, reserved 1132544K
  class space    used 11982K, capacity 12764K, committed 12876K, reserved 1048576K
}
Event: 52.945 GC heap after
{Heap after GC invocations=36 (full 0):
 garbage-first heap   total 187392K, used 115394K [0x0000000080000000, 0x0000000100000000)
  region size 1024K, 2 young (2048K), 2 survivors (2048K)
 Metaspace       used 93477K, capacity 95754K, committed 96076K, reserved 1132544K
  class space    used 11982K, capacity 12764K, committed 12876K, reserved 1048576K
}
Event: 65.222 GC heap before
{Heap before GC invocations=36 (full 0):
 garbage-first heap   total 187392K, used 155330K [0x0000000080000000, 0x0000000100000000)
  region size 1024K, 41 young (41984K), 2 survivors (2048K)
 Metaspace       used 94174K, capacity 96414K, committed 96716K, reserved 1132544K
  class space    used 12049K, capacity 12873K, committed 13004K, reserved 1048576K
}
Event: 65.232 GC heap after
{Heap after GC invocations=37 (full 0):
 garbage-first heap   total 187392K, used 116369K [0x0000000080000000, 0x0000000100000000)
  region size 1024K, 3 young (3072K), 3 survivors (3072K)
 Metaspace       used 94174K, capacity 96414K, committed 96716K, reserved 1132544K
  class space    used 12049K, capacity 12873K, committed 13004K, reserved 1048576K
}
Event: 65.702 GC heap before
{Heap before GC invocations=38 (full 0):
 garbage-first heap   total 187392K, used 157329K [0x0000000080000000, 0x0000000100000000)
  region size 1024K, 43 young (44032K), 3 survivors (3072K)
 Metaspace       used 96323K, capacity 98612K, committed 98764K, reserved 1134592K
  class space    used 12347K, capacity 13216K, committed 13260K, reserved 1048576K
}
Event: 65.711 GC heap after
{Heap after GC invocations=39 (full 0):
 garbage-first heap   total 187392K, used 118301K [0x0000000080000000, 0x0000000100000000)
  region size 1024K, 5 young (5120K), 5 survivors (5120K)
 Metaspace       used 96323K, capacity 98612K, committed 98764K, reserved 1134592K
  class space    used 12347K, capacity 13216K, committed 13260K, reserved 1048576K
}
Event: 65.886 GC heap before
{Heap before GC invocations=39 (full 0):
 garbage-first heap   total 187392K, used 130589K [0x0000000080000000, 0x0000000100000000)
  region size 1024K, 18 young (18432K), 5 survivors (5120K)
 Metaspace       used 98062K, capacity 100286K, committed 100556K, reserved 1136640K
  class space    used 12560K, capacity 13410K, committed 13516K, reserved 1048576K
}
Event: 65.895 GC heap after
{Heap after GC invocations=40 (full 0):
 garbage-first heap   total 187392K, used 118986K [0x0000000080000000, 0x0000000100000000)
  region size 1024K, 4 young (4096K), 4 survivors (4096K)
 Metaspace       used 98062K, capacity 100286K, committed 100556K, reserved 1136640K
  class space    used 12560K, capacity 13410K, committed 13516K, reserved 1048576K
}
Event: 66.541 GC heap before
{Heap before GC invocations=41 (full 0):
 garbage-first heap   total 187392K, used 156874K [0x0000000080000000, 0x0000000100000000)
  region size 1024K, 40 young (40960K), 4 survivors (4096K)
 Metaspace       used 103875K, capacity 106232K, committed 106316K, reserved 1140736K
  class space    used 13269K, capacity 14142K, committed 14156K, reserved 1048576K
}
Event: 66.556 GC heap after
{Heap after GC invocations=42 (full 0):
 garbage-first heap   total 187392K, used 120126K [0x0000000080000000, 0x0000000100000000)
  region size 1024K, 2 young (2048K), 2 survivors (2048K)
 Metaspace       used 103875K, capacity 106232K, committed 106316K, reserved 1140736K
  class space    used 13269K, capacity 14142K, committed 14156K, reserved 1048576K
}

